##############################
Log started on 21/09/2012 00:45:55

##############################
Log started on 21/09/2012 00:50:22

##############################
Log started on 21/09/2012 00:55:25

##############################
Log started on 21/09/2012 00:57:13

##############################
Log started on 21/09/2012 00:58:33

##############################
Log started on 21/09/2012 01:02:11

##############################
Log started on 21/09/2012 01:07:26

##############################
Log started on 21/09/2012 01:09:05

##############################
Log started on 21/09/2012 01:10:35

##############################
Log started on 21/09/2012 09:15:39

##############################
Log started on 21/09/2012 09:16:48

##############################
Log started on 21/09/2012 09:19:08

##############################
Log started on 21/09/2012 09:36:03

##############################
Log started on 21/09/2012 09:40:56

##############################
Log started on 21/09/2012 09:44:19

##############################
Log started on 21/09/2012 10:01:52

##############################
Log started on 21/09/2012 10:24:58

##############################
Log started on 21/09/2012 10:33:06

##############################
Log started on 21/09/2012 11:04:44

##############################
Log started on 21/09/2012 11:06:28

##############################
Log started on 21/09/2012 11:19:59

##############################
Log started on 21/09/2012 11:24:57

##############################
Log started on 21/09/2012 11:27:24

##############################
Log started on 21/09/2012 11:33:24

##############################
Log started on 21/09/2012 11:34:51

##############################
Log started on 21/09/2012 11:39:14

##############################
Log started on 21/09/2012 11:50:24

##############################
Log started on 21/09/2012 13:51:06

##############################
Log started on 21/09/2012 13:53:24

##############################
Log started on 21/09/2012 14:03:57

21/09/2012 14:12:54: 127.0.0.1: Owner 0x3 "Maga" ('admin') used command 'help '
21/09/2012 14:13:15: 127.0.0.1: Owner 0x3 "Maga" ('admin') used command 'startallregionspawns '
21/09/2012 14:14:05: 127.0.0.1: Owner 0x3 "Maga" ('admin') used command 'decoratemag '
21/09/2012 14:14:37: 127.0.0.1: Owner 0x3 "Maga" ('admin') used command 'doorgen '
21/09/2012 14:16:07: 127.0.0.1: Owner 0x3 "Maga" ('admin') used command 'go '
21/09/2012 14:17:08: 127.0.0.1: Owner 0x3 "Maga" ('admin') used command 'telgen '
21/09/2012 14:17:29: 127.0.0.1: Owner 0x3 "Maga" ('admin') used command 'signgen '
21/09/2012 14:17:48: 127.0.0.1: Owner 0x3 "Maga" ('admin') used command 'replacebankers '
21/09/2012 14:17:59: 127.0.0.1: Owner 0x3 "Maga" ('admin') used command 'moongen '
21/09/2012 14:18:36: 127.0.0.1: Owner 0x3 "Maga" ('admin') used command 'docgen '
21/09/2012 14:18:49: 127.0.0.1: Owner 0x3 "Maga" ('admin') used command 'respawnallregions '
21/09/2012 14:21:35: 127.0.0.1: Owner 0x3 "Maga" ('admin') used command 'vendorgen '
21/09/2012 14:22:28: 127.0.0.1: Owner 0x3 "Maga" ('admin') used command 'tele '
21/09/2012 14:22:57: 127.0.0.1: Owner 0x3 "Maga" ('admin') used command 'save '
21/09/2012 14:25:00: 127.0.0.1: Owner 0x3 "Maga" ('admin') used command 'save '
##############################
Log started on 21/09/2012 14:34:50

##############################
Log started on 21/09/2012 14:36:45

